\BOOKMARK [1][-]{section.1}{Analytical Option Formulae}{}% 1
\BOOKMARK [2][-]{subsection.1.1}{Black-Scholes Vanilla Call Option}{section.1}% 2
\BOOKMARK [2][-]{subsection.1.2}{Black-Scholes Vanilla Put Option}{section.1}% 3
\BOOKMARK [2][-]{subsection.1.3}{Black-Scholes Digital Cash-or-Nothing Call}{section.1}% 4
\BOOKMARK [2][-]{subsection.1.4}{Black-Scholes Digital Cash-or-Nothing Put}{section.1}% 5
\BOOKMARK [2][-]{subsection.1.5}{Black-Scholes Digital Asset-or-Nothing Call}{section.1}% 6
\BOOKMARK [2][-]{subsection.1.6}{Black-Scholes Digital Asset-or-Nothing Put}{section.1}% 7
\BOOKMARK [2][-]{subsection.1.7}{Bachelier Vanilla Call Option}{section.1}% 8
\BOOKMARK [2][-]{subsection.1.8}{Bachelier Vanilla Put Option}{section.1}% 9
\BOOKMARK [2][-]{subsection.1.9}{Bachelier Digital Cash-or-Nothing Call Option}{section.1}% 10
\BOOKMARK [2][-]{subsection.1.10}{Bachelier Digital Cash-or-Nothing Put Option}{section.1}% 11
\BOOKMARK [2][-]{subsection.1.11}{Bachelier Digital Asset-or-Nothing Call Option}{section.1}% 12
\BOOKMARK [2][-]{subsection.1.12}{Bachelier Digital Asset-or-Nothing Put Option}{section.1}% 13
\BOOKMARK [2][-]{subsection.1.13}{Black76 Vanilla Call Option}{section.1}% 14
\BOOKMARK [2][-]{subsection.1.14}{Black76 Other options}{section.1}% 15
\BOOKMARK [2][-]{subsection.1.15}{Displaced-diffusion Model}{section.1}% 16
\BOOKMARK [1][-]{section.2}{Model Calibration}{}% 17
\BOOKMARK [2][-]{subsection.2.1}{Displaced-Diffusion Model}{section.2}% 18
\BOOKMARK [2][-]{subsection.2.2}{SABR Model}{section.2}% 19
\BOOKMARK [1][-]{section.3}{Static Replication}{}% 20
\BOOKMARK [2][-]{subsection.3.1}{Black Scholes Model - Payoff Function}{section.3}% 21
\BOOKMARK [2][-]{subsection.3.2}{Bachelier Model - Payoff Function}{section.3}% 22
\BOOKMARK [2][-]{subsection.3.3}{Static Replication - Payoff Function}{section.3}% 23
\BOOKMARK [2][-]{subsection.3.4}{Black Scholes Model - "Model-Free" Integrated Variance}{section.3}% 24
\BOOKMARK [2][-]{subsection.3.5}{Bachelier Model - "Model-Free" Integrated Variance}{section.3}% 25
\BOOKMARK [2][-]{subsection.3.6}{Static Replication - "Model-Free" Integrated Variance}{section.3}% 26
\BOOKMARK [1][-]{section.4}{Dynamics Hedging}{}% 27
